<?xml version="1.0" encoding="UTF-8"?>
<testsuite xmlns:xsi="http://www.w3.org/2001/XMLSchema-instance" xsi:noNamespaceSchemaLocation="https://maven.apache.org/surefire/maven-surefire-plugin/xsd/surefire-test-report.xsd" version="3.0.2" name="com.surgesoftware.aem.llm.core.services.impl.LocalLLMServiceImplTest" time="1.167" tests="11" errors="0" skipped="0" failures="0">
  <properties>
    <property name="sun.desktop" value="windows"/>
    <property name="awt.toolkit" value="sun.awt.windows.WToolkit"/>
    <property name="java.specification.version" value="11"/>
    <property name="sun.cpu.isalist" value="amd64"/>
    <property name="sun.jnu.encoding" value="Cp1252"/>
    <property name="java.class.path" value="C:\Users\ADMIN\Desktop\Connector V4\AEM-LLM-Connector\core\target\test-classes;C:\Users\ADMIN\Desktop\Connector V4\AEM-LLM-Connector\core\target\classes;C:\Users\ADMIN\.m2\repository\com\adobe\aem\uber-jar\6.5.0\uber-jar-6.5.0-apis.jar;C:\Users\ADMIN\.m2\repository\javax\servlet\servlet-api\2.5\servlet-api-2.5.jar;C:\Users\ADMIN\.m2\repository\org\osgi\org.osgi.service.component.annotations\1.4.0\org.osgi.service.component.annotations-1.4.0.jar;C:\Users\ADMIN\.m2\repository\org\osgi\org.osgi.service.metatype.annotations\1.4.0\org.osgi.service.metatype.annotations-1.4.0.jar;C:\Users\ADMIN\.m2\repository\org\osgi\org.osgi.annotation.versioning\1.1.0\org.osgi.annotation.versioning-1.1.0.jar;C:\Users\ADMIN\.m2\repository\org\apache\sling\org.apache.sling.servlets.annotations\1.2.4\org.apache.sling.servlets.annotations-1.2.4.jar;C:\Users\ADMIN\.m2\repository\org\apache\sling\org.apache.sling.api\2.24.0\org.apache.sling.api-2.24.0.jar;C:\Users\ADMIN\.m2\repository\org\jetbrains\annotations\16.0.2\annotations-16.0.2.jar;C:\Users\ADMIN\.m2\repository\org\osgi\osgi.core\6.0.0\osgi.core-6.0.0.jar;C:\Users\ADMIN\.m2\repository\org\osgi\osgi.cmpn\6.0.0\osgi.cmpn-6.0.0.jar;C:\Users\ADMIN\.m2\repository\org\slf4j\slf4j-api\1.7.30\slf4j-api-1.7.30.jar;C:\Users\ADMIN\.m2\repository\com\fasterxml\jackson\core\jackson-core\2.15.2\jackson-core-2.15.2.jar;C:\Users\ADMIN\.m2\repository\com\fasterxml\jackson\core\jackson-databind\2.15.2\jackson-databind-2.15.2.jar;C:\Users\ADMIN\.m2\repository\com\fasterxml\jackson\core\jackson-annotations\2.15.2\jackson-annotations-2.15.2.jar;C:\Users\ADMIN\.m2\repository\org\apache\httpcomponents\httpclient\4.5.14\httpclient-4.5.14.jar;C:\Users\ADMIN\.m2\repository\org\apache\httpcomponents\httpcore\4.4.16\httpcore-4.4.16.jar;C:\Users\ADMIN\.m2\repository\commons-logging\commons-logging\1.2\commons-logging-1.2.jar;C:\Users\ADMIN\.m2\repository\commons-codec\commons-codec\1.11\commons-codec-1.11.jar;C:\Users\ADMIN\.m2\repository\junit\junit\4.13.2\junit-4.13.2.jar;C:\Users\ADMIN\.m2\repository\org\hamcrest\hamcrest-core\1.3\hamcrest-core-1.3.jar;C:\Users\ADMIN\.m2\repository\org\mockito\mockito-core\3.12.4\mockito-core-3.12.4.jar;C:\Users\ADMIN\.m2\repository\net\bytebuddy\byte-buddy\1.11.13\byte-buddy-1.11.13.jar;C:\Users\ADMIN\.m2\repository\net\bytebuddy\byte-buddy-agent\1.11.13\byte-buddy-agent-1.11.13.jar;C:\Users\ADMIN\.m2\repository\org\objenesis\objenesis\3.2\objenesis-3.2.jar;"/>
    <property name="java.vm.vendor" value="Oracle Corporation"/>
    <property name="sun.arch.data.model" value="64"/>
    <property name="user.variant" value=""/>
    <property name="java.vendor.url" value="https://openjdk.java.net/"/>
    <property name="user.timezone" value="Asia/Calcutta"/>
    <property name="java.vm.specification.version" value="11"/>
    <property name="os.name" value="Windows 11"/>
    <property name="sun.java.launcher" value="SUN_STANDARD"/>
    <property name="user.country" value="US"/>
    <property name="sun.boot.library.path" value="C:\Program Files\Java\jdk-11\bin"/>
    <property name="sun.java.command" value="C:\Users\ADMIN\AppData\Local\Temp\surefire17325784221045056682\surefirebooter-20250803185109867_3.jar C:\Users\ADMIN\AppData\Local\Temp\surefire17325784221045056682 2025-08-03T18-51-08_681-jvmRun1 surefire-20250803185109867_1tmp surefire_0-20250803185109867_2tmp"/>
    <property name="jdk.debug" value="release"/>
    <property name="surefire.test.class.path" value="C:\Users\ADMIN\Desktop\Connector V4\AEM-LLM-Connector\core\target\test-classes;C:\Users\ADMIN\Desktop\Connector V4\AEM-LLM-Connector\core\target\classes;C:\Users\ADMIN\.m2\repository\com\adobe\aem\uber-jar\6.5.0\uber-jar-6.5.0-apis.jar;C:\Users\ADMIN\.m2\repository\javax\servlet\servlet-api\2.5\servlet-api-2.5.jar;C:\Users\ADMIN\.m2\repository\org\osgi\org.osgi.service.component.annotations\1.4.0\org.osgi.service.component.annotations-1.4.0.jar;C:\Users\ADMIN\.m2\repository\org\osgi\org.osgi.service.metatype.annotations\1.4.0\org.osgi.service.metatype.annotations-1.4.0.jar;C:\Users\ADMIN\.m2\repository\org\osgi\org.osgi.annotation.versioning\1.1.0\org.osgi.annotation.versioning-1.1.0.jar;C:\Users\ADMIN\.m2\repository\org\apache\sling\org.apache.sling.servlets.annotations\1.2.4\org.apache.sling.servlets.annotations-1.2.4.jar;C:\Users\ADMIN\.m2\repository\org\apache\sling\org.apache.sling.api\2.24.0\org.apache.sling.api-2.24.0.jar;C:\Users\ADMIN\.m2\repository\org\jetbrains\annotations\16.0.2\annotations-16.0.2.jar;C:\Users\ADMIN\.m2\repository\org\osgi\osgi.core\6.0.0\osgi.core-6.0.0.jar;C:\Users\ADMIN\.m2\repository\org\osgi\osgi.cmpn\6.0.0\osgi.cmpn-6.0.0.jar;C:\Users\ADMIN\.m2\repository\org\slf4j\slf4j-api\1.7.30\slf4j-api-1.7.30.jar;C:\Users\ADMIN\.m2\repository\com\fasterxml\jackson\core\jackson-core\2.15.2\jackson-core-2.15.2.jar;C:\Users\ADMIN\.m2\repository\com\fasterxml\jackson\core\jackson-databind\2.15.2\jackson-databind-2.15.2.jar;C:\Users\ADMIN\.m2\repository\com\fasterxml\jackson\core\jackson-annotations\2.15.2\jackson-annotations-2.15.2.jar;C:\Users\ADMIN\.m2\repository\org\apache\httpcomponents\httpclient\4.5.14\httpclient-4.5.14.jar;C:\Users\ADMIN\.m2\repository\org\apache\httpcomponents\httpcore\4.4.16\httpcore-4.4.16.jar;C:\Users\ADMIN\.m2\repository\commons-logging\commons-logging\1.2\commons-logging-1.2.jar;C:\Users\ADMIN\.m2\repository\commons-codec\commons-codec\1.11\commons-codec-1.11.jar;C:\Users\ADMIN\.m2\repository\junit\junit\4.13.2\junit-4.13.2.jar;C:\Users\ADMIN\.m2\repository\org\hamcrest\hamcrest-core\1.3\hamcrest-core-1.3.jar;C:\Users\ADMIN\.m2\repository\org\mockito\mockito-core\3.12.4\mockito-core-3.12.4.jar;C:\Users\ADMIN\.m2\repository\net\bytebuddy\byte-buddy\1.11.13\byte-buddy-1.11.13.jar;C:\Users\ADMIN\.m2\repository\net\bytebuddy\byte-buddy-agent\1.11.13\byte-buddy-agent-1.11.13.jar;C:\Users\ADMIN\.m2\repository\org\objenesis\objenesis\3.2\objenesis-3.2.jar;"/>
    <property name="sun.cpu.endian" value="little"/>
    <property name="user.home" value="C:\Users\ADMIN"/>
    <property name="user.language" value="en"/>
    <property name="java.specification.vendor" value="Oracle Corporation"/>
    <property name="java.version.date" value="2023-01-17"/>
    <property name="java.home" value="C:\Program Files\Java\jdk-11"/>
    <property name="file.separator" value="\"/>
    <property name="basedir" value="C:\Users\ADMIN\Desktop\Connector V4\AEM-LLM-Connector\core"/>
    <property name="java.vm.compressedOopsMode" value="Zero based"/>
    <property name="line.separator" value="&#10;"/>
    <property name="java.specification.name" value="Java Platform API Specification"/>
    <property name="java.vm.specification.vendor" value="Oracle Corporation"/>
    <property name="java.awt.graphicsenv" value="sun.awt.Win32GraphicsEnvironment"/>
    <property name="surefire.real.class.path" value="C:\Users\ADMIN\AppData\Local\Temp\surefire17325784221045056682\surefirebooter-20250803185109867_3.jar"/>
    <property name="user.script" value=""/>
    <property name="sun.management.compiler" value="HotSpot 64-Bit Tiered Compilers"/>
    <property name="java.runtime.version" value="11.0.18+9-LTS-195"/>
    <property name="user.name" value="ADMIN"/>
    <property name="path.separator" value=";"/>
    <property name="os.version" value="10.0"/>
    <property name="java.runtime.name" value="Java(TM) SE Runtime Environment"/>
    <property name="file.encoding" value="Cp1252"/>
    <property name="java.vm.name" value="Java HotSpot(TM) 64-Bit Server VM"/>
    <property name="java.vendor.version" value="18.9"/>
    <property name="localRepository" value="C:\Users\ADMIN\.m2\repository"/>
    <property name="java.vendor.url.bug" value="https://bugreport.java.com/bugreport/"/>
    <property name="java.io.tmpdir" value="C:\Users\ADMIN\AppData\Local\Temp\"/>
    <property name="java.version" value="11.0.18"/>
    <property name="user.dir" value="C:\Users\ADMIN\Desktop\Connector V4\AEM-LLM-Connector\core"/>
    <property name="os.arch" value="amd64"/>
    <property name="java.vm.specification.name" value="Java Virtual Machine Specification"/>
    <property name="java.awt.printerjob" value="sun.awt.windows.WPrinterJob"/>
    <property name="sun.os.patch.level" value=""/>
    <property name="java.library.path" value="C:\Program Files\Java\jdk-11\bin;C:\WINDOWS\Sun\Java\bin;C:\WINDOWS\system32;C:\WINDOWS;C:\Program Files\Common Files\Oracle\Java\javapath;C:\WINDOWS\system32;C:\WINDOWS;C:\WINDOWS\System32\Wbem;C:\WINDOWS\System32\WindowsPowerShell\v1.0\;C:\WINDOWS\System32\OpenSSH\;C:\Program Files\nodejs\;C:\Program Files\Git\cmd;%MAVEN_HOME%\bin;C:\Users\ADMIN\Downloads\apache-maven-3.9.9-bin\apache-maven-3.9.9\bin;C:\Program Files\dotnet\;c:\Users\ADMIN\AppData\Local\Programs\cursor\resources\app\bin;C:\WINDOWS\system32\config\systemprofile\AppData\Local\Muse Hub\lib;C:\Users\ADMIN\AppData\Local\Programs\Python\Launcher\;C:\Users\ADMIN\AppData\Local\Microsoft\WindowsApps;C:\Users\ADMIN\AppData\Roaming\npm;C:\Users\ADMIN\AppData\Local\Programs\Microsoft VS Code\bin;C:\Users\ADMIN\AppData\Local\GitHubDesktop\bin;C:\Users\ADMIN\AppData\Local\Muse Hub\lib;C:\Users\ADMIN\AppData\Local\Programs\cursor\resources\app\bin;C:\Users\ADMIN\AppData\Local\Programs\Ollama;."/>
    <property name="java.vendor" value="Oracle Corporation"/>
    <property name="java.vm.info" value="mixed mode"/>
    <property name="java.vm.version" value="11.0.18+9-LTS-195"/>
    <property name="sun.io.unicode.encoding" value="UnicodeLittle"/>
    <property name="java.class.version" value="55.0"/>
  </properties>
  <testcase name="testLLMUnavailableExceptionCreation" classname="com.surgesoftware.aem.llm.core.services.impl.LocalLLMServiceImplTest" time="0.747">
    <system-err><![CDATA[SLF4J: Failed to load class "org.slf4j.impl.StaticLoggerBinder".
SLF4J: Defaulting to no-operation (NOP) logger implementation
SLF4J: See http://www.slf4j.org/codes.html#StaticLoggerBinder for further details.
]]></system-err>
  </testcase>
  <testcase name="testRetryLogicStructure" classname="com.surgesoftware.aem.llm.core.services.impl.LocalLLMServiceImplTest" time="0.0"/>
  <testcase name="testExtractJsonBlock" classname="com.surgesoftware.aem.llm.core.services.impl.LocalLLMServiceImplTest" time="0.024"/>
  <testcase name="testGetLLMInfo" classname="com.surgesoftware.aem.llm.core.services.impl.LocalLLMServiceImplTest" time="0.001"/>
  <testcase name="testEscapeUnescapedQuotesInStringValues" classname="com.surgesoftware.aem.llm.core.services.impl.LocalLLMServiceImplTest" time="0.001"/>
  <testcase name="testReadinessCheckStructure" classname="com.surgesoftware.aem.llm.core.services.impl.LocalLLMServiceImplTest" time="0.001"/>
  <testcase name="testComponentGenerationErrorHandling" classname="com.surgesoftware.aem.llm.core.services.impl.LocalLLMServiceImplTest" time="0.03"/>
  <testcase name="testGenerateComponentWithValidRequest" classname="com.surgesoftware.aem.llm.core.services.impl.LocalLLMServiceImplTest" time="0.0"/>
  <testcase name="testWarmUpMethodStructure" classname="com.surgesoftware.aem.llm.core.services.impl.LocalLLMServiceImplTest" time="0.073"/>
  <testcase name="testTestConnection" classname="com.surgesoftware.aem.llm.core.services.impl.LocalLLMServiceImplTest" time="0.001"/>
  <testcase name="testErrorMessageFormatting" classname="com.surgesoftware.aem.llm.core.services.impl.LocalLLMServiceImplTest" time="0.001"/>
</testsuite>